{"contracts/PrimeToken.sol":{"l":{"11":0,"12":0,"13":0,"18":0,"20":0,"24":0,"25":0,"29":0,"30":0,"31":0,"66":0,"69":0,"70":0,"71":0,"72":0,"81":0,"120":0,"122":0,"127":0,"128":0,"129":0,"130":0,"131":0,"145":0,"146":0,"147":0,"157":0,"169":0,"170":0,"171":0,"177":0,"178":0,"179":0,"181":0,"183":0,"184":0,"225":0,"226":0,"228":0,"232":0,"233":0,"235":0,"256":1,"257":1,"261":0,"269":0,"270":0,"271":0,"272":0,"275":0,"276":0,"278":0,"279":0,"283":0,"287":0,"289":0,"296":0,"300":0,"302":0,"303":0,"305":0,"306":0,"307":0,"310":0,"311":0,"313":0,"314":0,"315":0,"324":0},"path":"/Users/vitaly/work/prime/smartcontract/contracts/PrimeToken.sol","s":{"1":0,"2":0,"3":0,"4":0,"5":0,"6":0,"7":0,"8":0,"9":0,"10":0,"11":0,"12":0,"13":0,"14":0,"15":0,"16":0,"17":0,"18":0,"19":0,"20":0,"21":0,"22":0,"23":0,"24":0,"25":0,"26":0,"27":0,"28":0,"29":0,"30":0,"31":0,"32":0,"33":0,"34":0,"35":0,"36":0,"37":0,"38":0,"39":0,"40":0,"41":1,"42":1,"43":0,"44":0,"45":0,"46":0,"47":0,"48":0,"49":0,"50":0,"51":0,"52":0,"53":0,"54":0,"55":0,"56":0,"57":0,"58":0,"59":0,"60":0,"61":0,"62":0,"63":0,"64":0,"65":0,"66":0},"b":{"1":[0,0],"2":[0,0],"3":[0,0],"4":[0,0],"5":[0,0],"6":[0,0],"7":[0,0],"8":[0,0],"9":[0,0],"10":[0,0],"11":[0,0]},"f":{"1":0,"2":0,"3":0,"4":0,"5":0,"6":0,"7":0,"8":0,"9":0,"10":0,"11":0,"12":0,"13":0,"14":1,"15":0,"16":0,"17":0,"18":0,"19":0,"20":0,"21":0},"fnMap":{"1":{"name":"mul","line":10,"loc":{"start":{"line":10,"column":2},"end":{"line":10,"column":72}}},"2":{"name":"div","line":16,"loc":{"start":{"line":16,"column":2},"end":{"line":16,"column":72}}},"3":{"name":"sub","line":23,"loc":{"start":{"line":23,"column":2},"end":{"line":23,"column":72}}},"4":{"name":"add","line":28,"loc":{"start":{"line":28,"column":2},"end":{"line":28,"column":72}}},"5":{"name":"transfer","line":65,"loc":{"start":{"line":65,"column":2},"end":{"line":65,"column":70}}},"6":{"name":"balanceOf","line":80,"loc":{"start":{"line":80,"column":2},"end":{"line":80,"column":78}}},"7":{"name":"transferFrom","line":119,"loc":{"start":{"line":119,"column":2},"end":{"line":119,"column":89}}},"8":{"name":"approve","line":144,"loc":{"start":{"line":144,"column":2},"end":{"line":144,"column":74}}},"9":{"name":"allowance","line":156,"loc":{"start":{"line":156,"column":2},"end":{"line":156,"column":98}}},"10":{"name":"increaseApproval","line":166,"loc":{"start":{"line":166,"column":2},"end":{"line":168,"column":3}}},"11":{"name":"decreaseApproval","line":174,"loc":{"start":{"line":174,"column":2},"end":{"line":176,"column":3}}},"12":{"name":"onlyOwner","line":224,"loc":{"start":{"line":224,"column":2},"end":{"line":224,"column":20}}},"13":{"name":"onlyActive","line":231,"loc":{"start":{"line":231,"column":2},"end":{"line":231,"column":21}}},"14":{"name":"PrimeToken","line":255,"loc":{"start":{"line":255,"column":2},"end":{"line":255,"column":45}}},"15":{"name":null,"line":260,"loc":{"start":{"line":260,"column":2},"end":{"line":260,"column":27}}},"16":{"name":"mintTokens","line":268,"loc":{"start":{"line":268,"column":2},"end":{"line":268,"column":70}}},"17":{"name":"withdraw","line":282,"loc":{"start":{"line":282,"column":2},"end":{"line":282,"column":40}}},"18":{"name":"finalize","line":286,"loc":{"start":{"line":286,"column":2},"end":{"line":286,"column":40}}},"19":{"name":"setTokenPriceInWei","line":295,"loc":{"start":{"line":295,"column":2},"end":{"line":295,"column":72}}},"20":{"name":"createTokens","line":299,"loc":{"start":{"line":299,"column":2},"end":{"line":299,"column":45}}},"21":{"name":"setMinimumAllowedWei","line":323,"loc":{"start":{"line":323,"column":2},"end":{"line":323,"column":64}}}},"statementMap":{"1":{"start":{"line":11,"column":4},"end":{"line":11,"column":20}},"2":{"start":{"line":12,"column":4},"end":{"line":12,"column":31}},"3":{"start":{"line":13,"column":4},"end":{"line":13,"column":12}},"4":{"start":{"line":18,"column":4},"end":{"line":18,"column":20}},"5":{"start":{"line":20,"column":4},"end":{"line":20,"column":12}},"6":{"start":{"line":24,"column":4},"end":{"line":24,"column":17}},"7":{"start":{"line":25,"column":4},"end":{"line":25,"column":16}},"8":{"start":{"line":29,"column":4},"end":{"line":29,"column":20}},"9":{"start":{"line":30,"column":4},"end":{"line":30,"column":17}},"10":{"start":{"line":31,"column":4},"end":{"line":31,"column":12}},"11":{"start":{"line":66,"column":4},"end":{"line":66,"column":29}},"12":{"start":{"line":69,"column":4},"end":{"line":69,"column":58}},"13":{"start":{"line":70,"column":4},"end":{"line":70,"column":44}},"14":{"start":{"line":71,"column":4},"end":{"line":71,"column":36}},"15":{"start":{"line":72,"column":4},"end":{"line":72,"column":15}},"16":{"start":{"line":81,"column":4},"end":{"line":81,"column":27}},"17":{"start":{"line":120,"column":4},"end":{"line":120,"column":29}},"18":{"start":{"line":122,"column":4},"end":{"line":122,"column":50}},"19":{"start":{"line":127,"column":4},"end":{"line":127,"column":48}},"20":{"start":{"line":128,"column":4},"end":{"line":128,"column":44}},"21":{"start":{"line":129,"column":4},"end":{"line":129,"column":54}},"22":{"start":{"line":130,"column":4},"end":{"line":130,"column":31}},"23":{"start":{"line":131,"column":4},"end":{"line":131,"column":15}},"24":{"start":{"line":145,"column":4},"end":{"line":145,"column":41}},"25":{"start":{"line":146,"column":4},"end":{"line":146,"column":41}},"26":{"start":{"line":147,"column":4},"end":{"line":147,"column":15}},"27":{"start":{"line":157,"column":4},"end":{"line":157,"column":36}},"28":{"start":{"line":169,"column":4},"end":{"line":169,"column":81}},"29":{"start":{"line":170,"column":4},"end":{"line":170,"column":64}},"30":{"start":{"line":171,"column":4},"end":{"line":171,"column":15}},"31":{"start":{"line":177,"column":4},"end":{"line":177,"column":48}},"32":{"start":{"line":178,"column":4},"end":{"line":178,"column":6013}},"33":{"start":{"line":179,"column":6},"end":{"line":179,"column":38}},"34":{"start":{"line":181,"column":6},"end":{"line":181,"column":67}},"35":{"start":{"line":183,"column":4},"end":{"line":183,"column":64}},"36":{"start":{"line":184,"column":4},"end":{"line":184,"column":15}},"37":{"start":{"line":225,"column":4},"end":{"line":225,"column":7358}},"38":{"start":{"line":226,"column":6},"end":{"line":226,"column":13}},"39":{"start":{"line":232,"column":4},"end":{"line":232,"column":7447}},"40":{"start":{"line":233,"column":6},"end":{"line":233,"column":13}},"41":{"start":{"line":256,"column":4},"end":{"line":256,"column":19}},"42":{"start":{"line":257,"column":4},"end":{"line":257,"column":21}},"43":{"start":{"line":261,"column":4},"end":{"line":261,"column":17}},"44":{"start":{"line":269,"column":4},"end":{"line":269,"column":64}},"45":{"start":{"line":270,"column":4},"end":{"line":270,"column":68}},"46":{"start":{"line":271,"column":4},"end":{"line":271,"column":8417}},"47":{"start":{"line":272,"column":6},"end":{"line":272,"column":13}},"48":{"start":{"line":275,"column":4},"end":{"line":275,"column":44}},"49":{"start":{"line":276,"column":4},"end":{"line":276,"column":30}},"50":{"start":{"line":278,"column":4},"end":{"line":278,"column":38}},"51":{"start":{"line":279,"column":4},"end":{"line":279,"column":54}},"52":{"start":{"line":287,"column":4},"end":{"line":287,"column":17}},"53":{"start":{"line":289,"column":4},"end":{"line":289,"column":17}},"54":{"start":{"line":296,"column":4},"end":{"line":296,"column":33}},"55":{"start":{"line":300,"column":4},"end":{"line":300,"column":42}},"56":{"start":{"line":302,"column":4},"end":{"line":302,"column":37}},"57":{"start":{"line":303,"column":4},"end":{"line":303,"column":61}},"58":{"start":{"line":305,"column":4},"end":{"line":305,"column":50}},"59":{"start":{"line":306,"column":4},"end":{"line":306,"column":9262}},"60":{"start":{"line":307,"column":6},"end":{"line":307,"column":13}},"61":{"start":{"line":310,"column":4},"end":{"line":310,"column":33}},"62":{"start":{"line":311,"column":4},"end":{"line":311,"column":30}},"63":{"start":{"line":313,"column":4},"end":{"line":313,"column":27}},"64":{"start":{"line":314,"column":4},"end":{"line":314,"column":43}},"65":{"start":{"line":315,"column":4},"end":{"line":315,"column":9475}},"66":{"start":{"line":324,"column":4},"end":{"line":324,"column":27}}},"branchMap":{"1":{"line":12,"type":"if","locations":[{"start":{"line":12,"column":4},"end":{"line":12,"column":4}},{"start":{"line":12,"column":4},"end":{"line":12,"column":4}}]},"2":{"line":24,"type":"if","locations":[{"start":{"line":24,"column":4},"end":{"line":24,"column":4}},{"start":{"line":24,"column":4},"end":{"line":24,"column":4}}]},"3":{"line":30,"type":"if","locations":[{"start":{"line":30,"column":4},"end":{"line":30,"column":4}},{"start":{"line":30,"column":4},"end":{"line":30,"column":4}}]},"4":{"line":66,"type":"if","locations":[{"start":{"line":66,"column":4},"end":{"line":66,"column":4}},{"start":{"line":66,"column":4},"end":{"line":66,"column":4}}]},"5":{"line":120,"type":"if","locations":[{"start":{"line":120,"column":4},"end":{"line":120,"column":4}},{"start":{"line":120,"column":4},"end":{"line":120,"column":4}}]},"6":{"line":178,"type":"if","locations":[{"start":{"line":178,"column":4},"end":{"line":178,"column":4}},{"start":{"line":178,"column":4},"end":{"line":178,"column":4}}]},"7":{"line":225,"type":"if","locations":[{"start":{"line":225,"column":4},"end":{"line":225,"column":4}},{"start":{"line":225,"column":4},"end":{"line":225,"column":4}}]},"8":{"line":232,"type":"if","locations":[{"start":{"line":232,"column":4},"end":{"line":232,"column":4}},{"start":{"line":232,"column":4},"end":{"line":232,"column":4}}]},"9":{"line":271,"type":"if","locations":[{"start":{"line":271,"column":4},"end":{"line":271,"column":4}},{"start":{"line":271,"column":4},"end":{"line":271,"column":4}}]},"10":{"line":300,"type":"if","locations":[{"start":{"line":300,"column":4},"end":{"line":300,"column":4}},{"start":{"line":300,"column":4},"end":{"line":300,"column":4}}]},"11":{"line":306,"type":"if","locations":[{"start":{"line":306,"column":4},"end":{"line":306,"column":4}},{"start":{"line":306,"column":4},"end":{"line":306,"column":4}}]}}}}